<?xml version="1.0" encoding="UTF-8"?>
<!-- Generated by org.testng.reporters.JUnitReportReporter -->
<testsuite hostname="HYDTTS34-PC" name="com.yana.selenium.IGaruda.qa.testscripts.web.sanity.VerifyLinksTest" tests="1" failures="0" timestamp="22 Nov 2013 05:57:18 GMT" time="13.023" errors="0">
  <testcase name="VerifyTestLinksOnIgGarudaHomePage" time="13.023" classname="com.yana.selenium.IGaruda.qa.testscripts.web.sanity.VerifyLinksTest"/>
</testsuite> <!-- com.yana.selenium.IGaruda.qa.testscripts.web.sanity.VerifyLinksTest -->
