<?xml version="1.0" encoding="UTF-8"?>
<!-- Generated by org.testng.reporters.JUnitReportReporter -->
<testsuite hostname="HYDTTS34-PC" name="com.yana.selenium.integration.qa.testscripts.web.sanity.FirstTest" tests="1" failures="0" timestamp="28 Nov 2013 08:59:52 GMT" time="24.474" errors="0">
  <testcase name="firstTestCase" time="24.474" classname="com.yana.selenium.integration.qa.testscripts.web.sanity.FirstTest"/>
</testsuite> <!-- com.yana.selenium.integration.qa.testscripts.web.sanity.FirstTest -->
